[0.011s] Invoking command in '/home/nlaaser/ros2_ws/src/cpp_pubsub/build/cpp_pubsub': CMAKE_PREFIX_PATH=${CMAKE_PREFIX_PATH}:/home/nlaaser/ros2_ws/install/my_package:/opt/ros/humble /usr/bin/cmake /home/nlaaser/ros2_ws/src/cpp_pubsub -DCMAKE_INSTALL_PREFIX=/home/nlaaser/ros2_ws/src/cpp_pubsub/install/cpp_pubsub
[0.076s] -- The C compiler identification is GNU 11.4.0
[0.129s] -- The CXX compiler identification is GNU 11.4.0
[0.136s] -- Detecting C compiler ABI info
[0.202s] -- Detecting C compiler ABI info - done
[0.207s] -- Check for working C compiler: /usr/bin/cc - skipped
[0.207s] -- Detecting C compile features
[0.207s] -- Detecting C compile features - done
[0.209s] -- Detecting CXX compiler ABI info
[0.287s] -- Detecting CXX compiler ABI info - done
[0.292s] -- Check for working CXX compiler: /usr/bin/c++ - skipped
[0.292s] -- Detecting CXX compile features
[0.292s] -- Detecting CXX compile features - done
[0.295s] -- Found ament_cmake: 1.3.10 (/opt/ros/humble/share/ament_cmake/cmake)
[0.407s] -- Found Python3: /usr/bin/python3 (found version "3.10.12") found components: Interpreter 
[0.473s] -- Found rclcpp: 16.0.10 (/opt/ros/humble/share/rclcpp/cmake)
[0.503s] -- Found rosidl_generator_c: 3.1.5 (/opt/ros/humble/share/rosidl_generator_c/cmake)
[0.507s] -- Found rosidl_adapter: 3.1.5 (/opt/ros/humble/share/rosidl_adapter/cmake)
[0.513s] -- Found rosidl_generator_cpp: 3.1.5 (/opt/ros/humble/share/rosidl_generator_cpp/cmake)
[0.521s] -- Using all available rosidl_typesupport_c: rosidl_typesupport_fastrtps_c;rosidl_typesupport_introspection_c
[0.532s] -- Using all available rosidl_typesupport_cpp: rosidl_typesupport_fastrtps_cpp;rosidl_typesupport_introspection_cpp
[0.563s] -- Found rmw_implementation_cmake: 6.1.2 (/opt/ros/humble/share/rmw_implementation_cmake/cmake)
[0.565s] -- Found rmw_fastrtps_cpp: 6.2.7 (/opt/ros/humble/share/rmw_fastrtps_cpp/cmake)
[0.646s] -- Found OpenSSL: /usr/lib/x86_64-linux-gnu/libcrypto.so (found version "3.0.2")  
[0.668s] -- Found FastRTPS: /opt/ros/humble/include  
[0.700s] -- Using RMW implementation 'rmw_fastrtps_cpp' as default
[0.706s] -- Looking for pthread.h
[0.777s] -- Looking for pthread.h - found
[0.777s] -- Performing Test CMAKE_HAVE_LIBC_PTHREAD
[0.849s] -- Performing Test CMAKE_HAVE_LIBC_PTHREAD - Success
[0.849s] -- Found Threads: TRUE  
[0.885s] -- Found ament_lint_auto: 0.12.11 (/opt/ros/humble/share/ament_lint_auto/cmake)
[0.950s] -- Added test 'cppcheck' to perform static code analysis on C / C++ code
[0.950s] -- Configured cppcheck include dirs: 
[0.950s] -- Configured cppcheck exclude dirs and/or files: 
[0.952s] -- Added test 'lint_cmake' to check CMake code style
[0.956s] -- Added test 'uncrustify' to check C / C++ code style
[0.956s] -- Configured uncrustify additional arguments: 
[0.957s] -- Added test 'xmllint' to check XML markup files
[0.958s] -- Configuring done
[0.968s] -- Generating done
[0.969s] -- Build files have been written to: /home/nlaaser/ros2_ws/src/cpp_pubsub/build/cpp_pubsub
[0.985s] Invoked command in '/home/nlaaser/ros2_ws/src/cpp_pubsub/build/cpp_pubsub' returned '0': CMAKE_PREFIX_PATH=${CMAKE_PREFIX_PATH}:/home/nlaaser/ros2_ws/install/my_package:/opt/ros/humble /usr/bin/cmake /home/nlaaser/ros2_ws/src/cpp_pubsub -DCMAKE_INSTALL_PREFIX=/home/nlaaser/ros2_ws/src/cpp_pubsub/install/cpp_pubsub
[0.987s] Invoking command in '/home/nlaaser/ros2_ws/src/cpp_pubsub/build/cpp_pubsub': CMAKE_PREFIX_PATH=${CMAKE_PREFIX_PATH}:/home/nlaaser/ros2_ws/install/my_package:/opt/ros/humble /usr/bin/cmake --build /home/nlaaser/ros2_ws/src/cpp_pubsub/build/cpp_pubsub -- -j16 -l16
[1.041s] [ 50%] [32mBuilding CXX object CMakeFiles/talker.dir/src/publisher_member_function.cpp.o[0m
[1.041s] [ 50%] [32mBuilding CXX object CMakeFiles/listener.dir/src/subscriber_member_function.cpp.o[0m
[4.534s] [ 75%] [32m[1mLinking CXX executable talker[0m
[4.662s] [ 75%] Built target talker
[6.980s] [100%] [32m[1mLinking CXX executable listener[0m
[7.206s] [100%] Built target listener
[7.216s] Invoked command in '/home/nlaaser/ros2_ws/src/cpp_pubsub/build/cpp_pubsub' returned '0': CMAKE_PREFIX_PATH=${CMAKE_PREFIX_PATH}:/home/nlaaser/ros2_ws/install/my_package:/opt/ros/humble /usr/bin/cmake --build /home/nlaaser/ros2_ws/src/cpp_pubsub/build/cpp_pubsub -- -j16 -l16
[7.260s] Invoking command in '/home/nlaaser/ros2_ws/src/cpp_pubsub/build/cpp_pubsub': CMAKE_PREFIX_PATH=${CMAKE_PREFIX_PATH}:/home/nlaaser/ros2_ws/install/my_package:/opt/ros/humble /usr/bin/cmake --install /home/nlaaser/ros2_ws/src/cpp_pubsub/build/cpp_pubsub
[7.265s] -- Install configuration: ""
[7.265s] -- Installing: /home/nlaaser/ros2_ws/src/cpp_pubsub/install/cpp_pubsub/lib/cpp_pubsub/talker
[7.266s] -- Set runtime path of "/home/nlaaser/ros2_ws/src/cpp_pubsub/install/cpp_pubsub/lib/cpp_pubsub/talker" to ""
[7.266s] -- Installing: /home/nlaaser/ros2_ws/src/cpp_pubsub/install/cpp_pubsub/lib/cpp_pubsub/listener
[7.269s] -- Set runtime path of "/home/nlaaser/ros2_ws/src/cpp_pubsub/install/cpp_pubsub/lib/cpp_pubsub/listener" to ""
[7.269s] -- Up-to-date: /home/nlaaser/ros2_ws/src/cpp_pubsub/install/cpp_pubsub/lib/cpp_pubsub/talker
[7.269s] -- Installing: /home/nlaaser/ros2_ws/src/cpp_pubsub/install/cpp_pubsub/share/ament_index/resource_index/package_run_dependencies/cpp_pubsub
[7.270s] -- Installing: /home/nlaaser/ros2_ws/src/cpp_pubsub/install/cpp_pubsub/share/ament_index/resource_index/parent_prefix_path/cpp_pubsub
[7.270s] -- Installing: /home/nlaaser/ros2_ws/src/cpp_pubsub/install/cpp_pubsub/share/cpp_pubsub/environment/ament_prefix_path.sh
[7.270s] -- Installing: /home/nlaaser/ros2_ws/src/cpp_pubsub/install/cpp_pubsub/share/cpp_pubsub/environment/ament_prefix_path.dsv
[7.270s] -- Installing: /home/nlaaser/ros2_ws/src/cpp_pubsub/install/cpp_pubsub/share/cpp_pubsub/environment/path.sh
[7.270s] -- Installing: /home/nlaaser/ros2_ws/src/cpp_pubsub/install/cpp_pubsub/share/cpp_pubsub/environment/path.dsv
[7.270s] -- Installing: /home/nlaaser/ros2_ws/src/cpp_pubsub/install/cpp_pubsub/share/cpp_pubsub/local_setup.bash
[7.270s] -- Installing: /home/nlaaser/ros2_ws/src/cpp_pubsub/install/cpp_pubsub/share/cpp_pubsub/local_setup.sh
[7.270s] -- Installing: /home/nlaaser/ros2_ws/src/cpp_pubsub/install/cpp_pubsub/share/cpp_pubsub/local_setup.zsh
[7.270s] -- Installing: /home/nlaaser/ros2_ws/src/cpp_pubsub/install/cpp_pubsub/share/cpp_pubsub/local_setup.dsv
[7.270s] -- Installing: /home/nlaaser/ros2_ws/src/cpp_pubsub/install/cpp_pubsub/share/cpp_pubsub/package.dsv
[7.271s] -- Installing: /home/nlaaser/ros2_ws/src/cpp_pubsub/install/cpp_pubsub/share/ament_index/resource_index/packages/cpp_pubsub
[7.271s] -- Installing: /home/nlaaser/ros2_ws/src/cpp_pubsub/install/cpp_pubsub/share/cpp_pubsub/cmake/cpp_pubsubConfig.cmake
[7.271s] -- Installing: /home/nlaaser/ros2_ws/src/cpp_pubsub/install/cpp_pubsub/share/cpp_pubsub/cmake/cpp_pubsubConfig-version.cmake
[7.271s] -- Installing: /home/nlaaser/ros2_ws/src/cpp_pubsub/install/cpp_pubsub/share/cpp_pubsub/package.xml
[7.273s] Invoked command in '/home/nlaaser/ros2_ws/src/cpp_pubsub/build/cpp_pubsub' returned '0': CMAKE_PREFIX_PATH=${CMAKE_PREFIX_PATH}:/home/nlaaser/ros2_ws/install/my_package:/opt/ros/humble /usr/bin/cmake --install /home/nlaaser/ros2_ws/src/cpp_pubsub/build/cpp_pubsub
